SF:lib\widgets\button_widget.dart
DA:7,1
DA:11,1
DA:13,1
DA:14,1
DA:15,1
DA:18,1
DA:19,1
DA:20,1
DA:21,1
DA:22,1
LF:10
LH:10
end_of_record
SF:lib\widgets\title_widget.dart
DA:7,1
DA:11,1
DA:13,1
DA:14,1
DA:15,1
DA:16,2
DA:18,1
DA:19,1
DA:20,1
LF:9
LH:9
end_of_record
SF:lib\app\modules\membership\model\pdf_model\customer.dart
DA:5,0
LF:1
LH:0
end_of_record
SF:lib\app\modules\membership\model\pdf_model\invoice.dart
DA:12,0
DA:26,0
DA:41,0
LF:3
LH:0
end_of_record
SF:lib\app\modules\membership\model\pdf_model\supplier.dart
DA:10,0
LF:1
LH:0
end_of_record
SF:lib\app\modules\membership\pdf_helper\pdf_helper.dart
DA:8,0
DA:12,0
DA:14,0
DA:15,0
DA:17,0
DA:22,0
DA:23,0
DA:25,0
LF:8
LH:0
end_of_record
SF:lib\app\modules\membership\pdf_helper\pdf_invoice_helper.dart
DA:12,0
DA:13,0
DA:16,0
DA:17,0
DA:18,0
DA:19,0
DA:28,0
DA:31,0
DA:33,0
DA:35,0
DA:36,0
DA:37,0
DA:39,0
DA:40,0
DA:44,0
DA:47,0
DA:49,0
DA:50,0
DA:51,0
DA:54,0
DA:57,0
DA:59,0
DA:60,0
DA:62,0
DA:66,0
DA:69,0
DA:72,0
DA:73,0
DA:74,0
DA:76,0
DA:80,0
DA:83,0
DA:85,0
DA:86,0
DA:88,0
DA:90,0
DA:91,0
DA:93,0
DA:97,0
DA:100,0
DA:102,0
DA:103,0
DA:105,0
DA:108,0
DA:111,0
DA:112,0
DA:113,0
DA:115,0
DA:116,0
DA:118,0
DA:123,0
DA:126,0
DA:128,0
DA:129,0
DA:131,0
DA:134,0
DA:137,0
DA:139,0
DA:140,0
DA:142,0
DA:145,0
DA:148,0
DA:149,0
DA:150,0
DA:153,0
DA:154,0
DA:155,0
DA:157,0
DA:159,0
DA:161,0
DA:163,0
DA:170,0
DA:173,0
DA:174,0
DA:177,0
LF:75
LH:0
end_of_record
